build/app/intermediates/manifest_merge_blame_file/debug/manifest-merger-blame-debug-report.txt
1<?xml version="1.0" encoding="utf-8"?>
2<manifest xmlns:android="http://schemas.android.com/apk/res/android"
3    package="com.example.bantuone"
4    android:versionCode="1"
5    android:versionName="1.0.0" >
6
7    <uses-sdk
8        android:minSdkVersion="21"
9        android:targetSdkVersion="33" />
10    <!--
11         The INTERNET permission is required for development. Specifically,
12         the Flutter tool needs it to communicate with the running application
13         to allow setting breakpoints, to provide hot reload, etc.
14    -->
15    <uses-permission android:name="android.permission.INTERNET" />
15-->src\main\AndroidManifest.xml:3:5-67
15-->src\main\AndroidManifest.xml:3:22-64
16    <uses-permission android:name="android.permission.ACCESS_FINE_LOCATION" />
16-->src\main\AndroidManifest.xml:4:5-79
16-->src\main\AndroidManifest.xml:4:22-76
17    <uses-permission android:name="android.permission.ACCESS_COARSE_LOCATION" />
17-->src\main\AndroidManifest.xml:5:5-81
17-->src\main\AndroidManifest.xml:5:22-78
18
19    <queries>
19-->src\main\AndroidManifest.xml:7:5-28:15
20
21        <!-- If your app opens https URLs -->
22        <intent>
22-->src\main\AndroidManifest.xml:9:9-12:18
23            <action android:name="android.intent.action.VIEW" />
23-->src\main\AndroidManifest.xml:10:13-65
23-->src\main\AndroidManifest.xml:10:21-62
24
25            <data android:scheme="https" />
25-->src\main\AndroidManifest.xml:11:13-44
25-->src\main\AndroidManifest.xml:11:19-41
26        </intent>
27        <!-- If your app sends emails -->
28        <intent>
28-->src\main\AndroidManifest.xml:14:9-17:18
29            <action android:name="android.intent.action.SEND" />
29-->src\main\AndroidManifest.xml:15:13-65
29-->src\main\AndroidManifest.xml:15:21-62
30
31            <data android:mimeType="*/*" />
31-->src\main\AndroidManifest.xml:11:13-44
32        </intent>
33        <!-- If your app checks for SMS support -->
34        <intent>
34-->src\main\AndroidManifest.xml:19:9-22:18
35            <action android:name="android.intent.action.VIEW" />
35-->src\main\AndroidManifest.xml:10:13-65
35-->src\main\AndroidManifest.xml:10:21-62
36
37            <data android:scheme="sms" />
37-->src\main\AndroidManifest.xml:11:13-44
37-->src\main\AndroidManifest.xml:11:19-41
38        </intent>
39        <!-- If your app checks for call support -->
40        <intent>
40-->src\main\AndroidManifest.xml:24:9-27:18
41            <action android:name="android.intent.action.VIEW" />
41-->src\main\AndroidManifest.xml:10:13-65
41-->src\main\AndroidManifest.xml:10:21-62
42
43            <data android:scheme="tel" />
43-->src\main\AndroidManifest.xml:11:13-44
43-->src\main\AndroidManifest.xml:11:19-41
44        </intent>
45        <!-- Needs to be explicitly declared on Android R+ -->
46        <package android:name="com.google.android.apps.maps" />
46-->[com.google.android.gms:play-services-maps:18.1.0] AndroidManifest.xml:33:9-64
46-->[com.google.android.gms:play-services-maps:18.1.0] AndroidManifest.xml:33:18-61
47    </queries>
48
49    <uses-permission android:name="android.permission.FOREGROUND_SERVICE" />
49-->[:geolocator_android] AndroidManifest.xml:9:5-77
49-->[:geolocator_android] AndroidManifest.xml:9:22-74
50    <uses-permission android:name="android.permission.CALL_PHONE" />
50-->[:flutter_phone_direct_caller] AndroidManifest.xml:9:5-69
50-->[:flutter_phone_direct_caller] AndroidManifest.xml:9:22-66
51
52    <uses-feature
52-->[:flutter_phone_direct_caller] AndroidManifest.xml:11:5-13:36
53        android:name="android.hardware.telephony"
53-->[:flutter_phone_direct_caller] AndroidManifest.xml:12:9-50
54        android:required="false" />
54-->[:flutter_phone_direct_caller] AndroidManifest.xml:13:9-33
55
56    <uses-permission android:name="android.permission.ACCESS_NETWORK_STATE" />
56-->[com.google.firebase:firebase-auth:21.1.0] AndroidManifest.xml:24:5-79
56-->[com.google.firebase:firebase-auth:21.1.0] AndroidManifest.xml:24:22-76
57    <uses-permission android:name="android.permission.WAKE_LOCK" />
57-->[com.google.android.gms:play-services-measurement-api:21.2.0] AndroidManifest.xml:24:5-68
57-->[com.google.android.gms:play-services-measurement-api:21.2.0] AndroidManifest.xml:24:22-65
58    <uses-permission android:name="com.google.android.gms.permission.AD_ID" />
58-->[com.google.android.gms:play-services-measurement-api:21.2.0] AndroidManifest.xml:25:5-79
58-->[com.google.android.gms:play-services-measurement-api:21.2.0] AndroidManifest.xml:25:22-76
59
60    <uses-feature
60-->[com.google.android.gms:play-services-maps:18.1.0] AndroidManifest.xml:26:5-28:35
61        android:glEsVersion="0x00020000"
61-->[com.google.android.gms:play-services-maps:18.1.0] AndroidManifest.xml:27:9-41
62        android:required="true" />
62-->[com.google.android.gms:play-services-maps:18.1.0] AndroidManifest.xml:28:9-32
63
64    <uses-permission android:name="com.google.android.finsky.permission.BIND_GET_INSTALL_REFERRER_SERVICE" />
64-->[com.google.android.gms:play-services-measurement:21.2.0] AndroidManifest.xml:26:5-110
64-->[com.google.android.gms:play-services-measurement:21.2.0] AndroidManifest.xml:26:22-107
65
66    <application
67        android:name="android.app.Application"
68        android:appComponentFactory="androidx.core.app.CoreComponentFactory"
68-->[androidx.core:core:1.8.0] AndroidManifest.xml:24:18-86
69        android:debuggable="true"
70        android:icon="@mipmap/ic_launcher"
71        android:label="bantuone" >
72        <activity
73            android:name="com.example.bantuone.MainActivity"
74            android:configChanges="orientation|keyboardHidden|keyboard|screenSize|smallestScreenSize|locale|layoutDirection|fontScale|screenLayout|density|uiMode"
75            android:exported="true"
76            android:hardwareAccelerated="true"
77            android:launchMode="singleTop"
78            android:theme="@style/LaunchTheme"
79            android:windowSoftInputMode="adjustResize" >
80
81            <!--
82                 Specifies an Android theme to apply to this Activity as soon as
83                 the Android process has started. This theme is visible to the user
84                 while the Flutter UI initializes. After that, this theme continues
85                 to determine the Window background behind the Flutter UI.
86            -->
87            <meta-data
88                android:name="io.flutter.embedding.android.NormalTheme"
89                android:resource="@style/NormalTheme" />
90
91            <intent-filter>
92                <action android:name="android.intent.action.MAIN" />
93
94                <category android:name="android.intent.category.LAUNCHER" />
95            </intent-filter>
96        </activity>
97        <!--
98             Don't delete the meta-data below.
99             This is used by the Flutter tool to generate GeneratedPluginRegistrant.java
100        -->
101        <meta-data
102            android:name="flutterEmbedding"
103            android:value="2" />
104        <meta-data
105            android:name="com.google.android.geo.API_KEY"
106            android:value="AIzaSyCtig3MRGHKECU2n8I38icDb73mK6Dcuzs" />
107
108        <service
108-->[:firebase_auth] AndroidManifest.xml:10:9-14:19
109            android:name="com.google.firebase.components.ComponentDiscoveryService"
109-->[:firebase_auth] AndroidManifest.xml:10:18-89
110            android:directBootAware="true"
110-->[com.google.firebase:firebase-common:20.2.0] AndroidManifest.xml:34:13-43
111            android:exported="false" >
111-->[com.google.firebase:firebase-auth:21.1.0] AndroidManifest.xml:66:13-37
112            <meta-data
112-->[:firebase_auth] AndroidManifest.xml:11:13-13:85
113                android:name="com.google.firebase.components:io.flutter.plugins.firebase.auth.FlutterFirebaseAuthRegistrar"
113-->[:firebase_auth] AndroidManifest.xml:12:17-124
114                android:value="com.google.firebase.components.ComponentRegistrar" />
114-->[:firebase_auth] AndroidManifest.xml:13:17-82
115            <meta-data
115-->[:cloud_firestore] AndroidManifest.xml:11:13-13:85
116                android:name="com.google.firebase.components:io.flutter.plugins.firebase.firestore.FlutterFirebaseFirestoreRegistrar"
116-->[:cloud_firestore] AndroidManifest.xml:12:17-134
117                android:value="com.google.firebase.components.ComponentRegistrar" />
117-->[:cloud_firestore] AndroidManifest.xml:13:17-82
118            <meta-data
118-->[:firebase_core] AndroidManifest.xml:11:13-13:85
119                android:name="com.google.firebase.components:io.flutter.plugins.firebase.core.FlutterFirebaseCoreRegistrar"
119-->[:firebase_core] AndroidManifest.xml:12:17-124
120                android:value="com.google.firebase.components.ComponentRegistrar" />
120-->[:firebase_core] AndroidManifest.xml:13:17-82
121            <meta-data
121-->[com.google.firebase:firebase-auth:21.1.0] AndroidManifest.xml:67:13-69:85
122                android:name="com.google.firebase.components:com.google.firebase.auth.FirebaseAuthRegistrar"
122-->[com.google.firebase:firebase-auth:21.1.0] AndroidManifest.xml:68:17-109
123                android:value="com.google.firebase.components.ComponentRegistrar" />
123-->[com.google.firebase:firebase-auth:21.1.0] AndroidManifest.xml:69:17-82
124            <meta-data
124-->[com.google.firebase:firebase-firestore:24.4.0] AndroidManifest.xml:19:13-21:85
125                android:name="com.google.firebase.components:com.google.firebase.firestore.FirestoreRegistrar"
125-->[com.google.firebase:firebase-firestore:24.4.0] AndroidManifest.xml:20:17-111
126                android:value="com.google.firebase.components.ComponentRegistrar" />
126-->[com.google.firebase:firebase-firestore:24.4.0] AndroidManifest.xml:21:17-82
127            <meta-data
127-->[com.google.android.gms:play-services-measurement-api:21.2.0] AndroidManifest.xml:31:13-33:85
128                android:name="com.google.firebase.components:com.google.firebase.analytics.connector.internal.AnalyticsConnectorRegistrar"
128-->[com.google.android.gms:play-services-measurement-api:21.2.0] AndroidManifest.xml:32:17-139
129                android:value="com.google.firebase.components.ComponentRegistrar" />
129-->[com.google.android.gms:play-services-measurement-api:21.2.0] AndroidManifest.xml:33:17-82
130            <meta-data
130-->[com.google.firebase:firebase-installations:17.1.0] AndroidManifest.xml:17:13-19:85
131                android:name="com.google.firebase.components:com.google.firebase.installations.FirebaseInstallationsRegistrar"
131-->[com.google.firebase:firebase-installations:17.1.0] AndroidManifest.xml:18:17-127
132                android:value="com.google.firebase.components.ComponentRegistrar" />
132-->[com.google.firebase:firebase-installations:17.1.0] AndroidManifest.xml:19:17-82
133        </service>
134        <service
134-->[:geolocator_android] AndroidManifest.xml:12:9-16:56
135            android:name="com.baseflow.geolocator.GeolocatorLocationService"
135-->[:geolocator_android] AndroidManifest.xml:13:13-77
136            android:enabled="true"
136-->[:geolocator_android] AndroidManifest.xml:14:13-35
137            android:exported="false"
137-->[:geolocator_android] AndroidManifest.xml:15:13-37
138            android:foregroundServiceType="location" />
138-->[:geolocator_android] AndroidManifest.xml:16:13-53
139
140        <activity
140-->[:url_launcher_android] AndroidManifest.xml:10:9-13:74
141            android:name="io.flutter.plugins.urllauncher.WebViewActivity"
141-->[:url_launcher_android] AndroidManifest.xml:11:13-74
142            android:exported="false"
142-->[:url_launcher_android] AndroidManifest.xml:12:13-37
143            android:theme="@android:style/Theme.NoTitleBar.Fullscreen" />
143-->[:url_launcher_android] AndroidManifest.xml:13:13-71
144
145        <uses-library
145-->[androidx.window:window:1.0.0-beta04] AndroidManifest.xml:25:9-27:40
146            android:name="androidx.window.extensions"
146-->[androidx.window:window:1.0.0-beta04] AndroidManifest.xml:26:13-54
147            android:required="false" />
147-->[androidx.window:window:1.0.0-beta04] AndroidManifest.xml:27:13-37
148        <uses-library
148-->[androidx.window:window:1.0.0-beta04] AndroidManifest.xml:28:9-30:40
149            android:name="androidx.window.sidecar"
149-->[androidx.window:window:1.0.0-beta04] AndroidManifest.xml:29:13-51
150            android:required="false" />
150-->[androidx.window:window:1.0.0-beta04] AndroidManifest.xml:30:13-37
151
152        <activity
152-->[com.google.firebase:firebase-auth:21.1.0] AndroidManifest.xml:27:9-44:20
153            android:name="com.google.firebase.auth.internal.GenericIdpActivity"
153-->[com.google.firebase:firebase-auth:21.1.0] AndroidManifest.xml:28:13-80
154            android:excludeFromRecents="true"
154-->[com.google.firebase:firebase-auth:21.1.0] AndroidManifest.xml:29:13-46
155            android:exported="true"
155-->[com.google.firebase:firebase-auth:21.1.0] AndroidManifest.xml:30:13-36
156            android:launchMode="singleTask"
156-->[com.google.firebase:firebase-auth:21.1.0] AndroidManifest.xml:31:13-44
157            android:theme="@android:style/Theme.Translucent.NoTitleBar" >
157-->[com.google.firebase:firebase-auth:21.1.0] AndroidManifest.xml:32:13-72
158            <intent-filter>
158-->[com.google.firebase:firebase-auth:21.1.0] AndroidManifest.xml:33:13-43:29
159                <action android:name="android.intent.action.VIEW" />
159-->src\main\AndroidManifest.xml:10:13-65
159-->src\main\AndroidManifest.xml:10:21-62
160
161                <category android:name="android.intent.category.DEFAULT" />
161-->[com.google.firebase:firebase-auth:21.1.0] AndroidManifest.xml:36:17-76
161-->[com.google.firebase:firebase-auth:21.1.0] AndroidManifest.xml:36:27-73
162                <category android:name="android.intent.category.BROWSABLE" />
162-->[com.google.firebase:firebase-auth:21.1.0] AndroidManifest.xml:37:17-78
162-->[com.google.firebase:firebase-auth:21.1.0] AndroidManifest.xml:37:27-75
163
164                <data
164-->src\main\AndroidManifest.xml:11:13-44
165                    android:host="firebase.auth"
166                    android:path="/"
167                    android:scheme="genericidp" />
167-->src\main\AndroidManifest.xml:11:19-41
168            </intent-filter>
169        </activity>
170        <activity
170-->[com.google.firebase:firebase-auth:21.1.0] AndroidManifest.xml:45:9-62:20
171            android:name="com.google.firebase.auth.internal.RecaptchaActivity"
171-->[com.google.firebase:firebase-auth:21.1.0] AndroidManifest.xml:46:13-79
172            android:excludeFromRecents="true"
172-->[com.google.firebase:firebase-auth:21.1.0] AndroidManifest.xml:47:13-46
173            android:exported="true"
173-->[com.google.firebase:firebase-auth:21.1.0] AndroidManifest.xml:48:13-36
174            android:launchMode="singleTask"
174-->[com.google.firebase:firebase-auth:21.1.0] AndroidManifest.xml:49:13-44
175            android:theme="@android:style/Theme.Translucent.NoTitleBar" >
175-->[com.google.firebase:firebase-auth:21.1.0] AndroidManifest.xml:50:13-72
176            <intent-filter>
176-->[com.google.firebase:firebase-auth:21.1.0] AndroidManifest.xml:51:13-61:29
177                <action android:name="android.intent.action.VIEW" />
177-->src\main\AndroidManifest.xml:10:13-65
177-->src\main\AndroidManifest.xml:10:21-62
178
179                <category android:name="android.intent.category.DEFAULT" />
179-->[com.google.firebase:firebase-auth:21.1.0] AndroidManifest.xml:36:17-76
179-->[com.google.firebase:firebase-auth:21.1.0] AndroidManifest.xml:36:27-73
180                <category android:name="android.intent.category.BROWSABLE" />
180-->[com.google.firebase:firebase-auth:21.1.0] AndroidManifest.xml:37:17-78
180-->[com.google.firebase:firebase-auth:21.1.0] AndroidManifest.xml:37:27-75
181
182                <data
182-->src\main\AndroidManifest.xml:11:13-44
183                    android:host="firebase.auth"
184                    android:path="/"
185                    android:scheme="recaptcha" />
185-->src\main\AndroidManifest.xml:11:19-41
186            </intent-filter>
187        </activity>
188
189        <provider
189-->[com.google.firebase:firebase-common:20.2.0] AndroidManifest.xml:25:9-30:39
190            android:name="com.google.firebase.provider.FirebaseInitProvider"
190-->[com.google.firebase:firebase-common:20.2.0] AndroidManifest.xml:26:13-77
191            android:authorities="com.example.bantuone.firebaseinitprovider"
191-->[com.google.firebase:firebase-common:20.2.0] AndroidManifest.xml:27:13-72
192            android:directBootAware="true"
192-->[com.google.firebase:firebase-common:20.2.0] AndroidManifest.xml:28:13-43
193            android:exported="false"
193-->[com.google.firebase:firebase-common:20.2.0] AndroidManifest.xml:29:13-37
194            android:initOrder="100" /> <!-- Needs to be explicitly declared on P+ -->
194-->[com.google.firebase:firebase-common:20.2.0] AndroidManifest.xml:30:13-36
195        <uses-library
195-->[com.google.android.gms:play-services-maps:18.1.0] AndroidManifest.xml:39:9-41:40
196            android:name="org.apache.http.legacy"
196-->[com.google.android.gms:play-services-maps:18.1.0] AndroidManifest.xml:40:13-50
197            android:required="false" />
197-->[com.google.android.gms:play-services-maps:18.1.0] AndroidManifest.xml:41:13-37
198
199        <activity
199-->[com.google.android.gms:play-services-auth:20.0.1] AndroidManifest.xml:23:9-27:75
200            android:name="com.google.android.gms.auth.api.signin.internal.SignInHubActivity"
200-->[com.google.android.gms:play-services-auth:20.0.1] AndroidManifest.xml:24:13-93
201            android:excludeFromRecents="true"
201-->[com.google.android.gms:play-services-auth:20.0.1] AndroidManifest.xml:25:13-46
202            android:exported="false"
202-->[com.google.android.gms:play-services-auth:20.0.1] AndroidManifest.xml:26:13-37
203            android:theme="@android:style/Theme.Translucent.NoTitleBar" />
203-->[com.google.android.gms:play-services-auth:20.0.1] AndroidManifest.xml:27:13-72
204        <!--
205            Service handling Google Sign-In user revocation. For apps that do not integrate with
206            Google Sign-In, this service will never be started.
207        -->
208        <service
208-->[com.google.android.gms:play-services-auth:20.0.1] AndroidManifest.xml:33:9-37:51
209            android:name="com.google.android.gms.auth.api.signin.RevocationBoundService"
209-->[com.google.android.gms:play-services-auth:20.0.1] AndroidManifest.xml:34:13-89
210            android:exported="true"
210-->[com.google.android.gms:play-services-auth:20.0.1] AndroidManifest.xml:35:13-36
211            android:permission="com.google.android.gms.auth.api.signin.permission.REVOCATION_NOTIFICATION"
211-->[com.google.android.gms:play-services-auth:20.0.1] AndroidManifest.xml:36:13-107
212            android:visibleToInstantApps="true" />
212-->[com.google.android.gms:play-services-auth:20.0.1] AndroidManifest.xml:37:13-48
213
214        <receiver
214-->[com.google.android.gms:play-services-measurement:21.2.0] AndroidManifest.xml:29:9-33:20
215            android:name="com.google.android.gms.measurement.AppMeasurementReceiver"
215-->[com.google.android.gms:play-services-measurement:21.2.0] AndroidManifest.xml:30:13-85
216            android:enabled="true"
216-->[com.google.android.gms:play-services-measurement:21.2.0] AndroidManifest.xml:31:13-35
217            android:exported="false" >
217-->[com.google.android.gms:play-services-measurement:21.2.0] AndroidManifest.xml:32:13-37
218        </receiver>
219
220        <service
220-->[com.google.android.gms:play-services-measurement:21.2.0] AndroidManifest.xml:35:9-38:40
221            android:name="com.google.android.gms.measurement.AppMeasurementService"
221-->[com.google.android.gms:play-services-measurement:21.2.0] AndroidManifest.xml:36:13-84
222            android:enabled="true"
222-->[com.google.android.gms:play-services-measurement:21.2.0] AndroidManifest.xml:37:13-35
223            android:exported="false" />
223-->[com.google.android.gms:play-services-measurement:21.2.0] AndroidManifest.xml:38:13-37
224        <service
224-->[com.google.android.gms:play-services-measurement:21.2.0] AndroidManifest.xml:39:9-43:72
225            android:name="com.google.android.gms.measurement.AppMeasurementJobService"
225-->[com.google.android.gms:play-services-measurement:21.2.0] AndroidManifest.xml:40:13-87
226            android:enabled="true"
226-->[com.google.android.gms:play-services-measurement:21.2.0] AndroidManifest.xml:41:13-35
227            android:exported="false"
227-->[com.google.android.gms:play-services-measurement:21.2.0] AndroidManifest.xml:42:13-37
228            android:permission="android.permission.BIND_JOB_SERVICE" />
228-->[com.google.android.gms:play-services-measurement:21.2.0] AndroidManifest.xml:43:13-69
229
230        <activity
230-->[com.google.android.gms:play-services-base:18.0.1] AndroidManifest.xml:20:9-22:45
231            android:name="com.google.android.gms.common.api.GoogleApiActivity"
231-->[com.google.android.gms:play-services-base:18.0.1] AndroidManifest.xml:20:19-85
232            android:exported="false"
232-->[com.google.android.gms:play-services-base:18.0.1] AndroidManifest.xml:22:19-43
233            android:theme="@android:style/Theme.Translucent.NoTitleBar" />
233-->[com.google.android.gms:play-services-base:18.0.1] AndroidManifest.xml:21:19-78
234
235        <meta-data
235-->[com.google.android.gms:play-services-basement:18.1.0] AndroidManifest.xml:21:9-23:69
236            android:name="com.google.android.gms.version"
236-->[com.google.android.gms:play-services-basement:18.1.0] AndroidManifest.xml:22:13-58
237            android:value="@integer/google_play_services_version" />
237-->[com.google.android.gms:play-services-basement:18.1.0] AndroidManifest.xml:23:13-66
238    </application>
239
240</manifest>